  Callback.cpp
C:\Users\se\source\repos\0. Meshless_deformation\0216_Meshless_Deformation\0216 Meshless Deformation\Callback.cpp(86,36): warning C4244: '-=': conversion from 'double' to 'float', possible loss of data
C:\Users\se\source\repos\0. Meshless_deformation\0216_Meshless_Deformation\0216 Meshless Deformation\Callback.cpp(87,34): warning C4244: '-=': conversion from 'double' to 'float', possible loss of data
C:\Users\se\source\repos\0. Meshless_deformation\0216_Meshless_Deformation\0216 Meshless Deformation\Callback.cpp(89,67): warning C4305: '=': truncation from 'double' to 'float'
C:\Users\se\source\repos\0. Meshless_deformation\0216_Meshless_Deformation\0216 Meshless Deformation\Callback.cpp(90,70): warning C4305: '=': truncation from 'double' to 'float'
C:\Users\se\source\repos\0. Meshless_deformation\0216_Meshless_Deformation\0216 Meshless Deformation\Callback.cpp(111,80): warning C4244: 'argument': conversion from 'int' to 'float', possible loss of data
C:\Users\se\source\repos\0. Meshless_deformation\0216_Meshless_Deformation\0216 Meshless Deformation\Callback.cpp(118,66): warning C4244: 'argument': conversion from 'int' to 'float', possible loss of data
C:\Users\se\source\repos\0. Meshless_deformation\0216_Meshless_Deformation\0216 Meshless Deformation\Callback.cpp(123,60): warning C4244: 'argument': conversion from 'int' to 'float', possible loss of data
C:\Users\se\source\repos\0. Meshless_deformation\0216_Meshless_Deformation\0216 Meshless Deformation\Callback.cpp(133,28): warning C4244: '+=': conversion from 'double' to 'float', possible loss of data
  main.cpp
C:\Users\se\source\repos\0. Meshless_deformation\0216_Meshless_Deformation\include\Eigen\src\Core\arch\Default\Half.h(1,1): warning C4819: The file contains a character that cannot be represented in the current code page (949). Save the file in Unicode format to prevent data loss
  (compiling source file 'main.cpp')
  
C:\Users\se\source\repos\0. Meshless_deformation\0216_Meshless_Deformation\include\Eigen\src\Core\arch\Default\BFloat16.h(1,1): warning C4819: The file contains a character that cannot be represented in the current code page (949). Save the file in Unicode format to prevent data loss
  (compiling source file 'main.cpp')
  
C:\Users\se\source\repos\0. Meshless_deformation\0216_Meshless_Deformation\include\Eigen\src\Core\arch\Default\GenericPacketMathFunctions.h(676,1): warning C4819: The file contains a character that cannot be represented in the current code page (949). Save the file in Unicode format to prevent data loss
  (compiling source file 'main.cpp')
  
C:\Users\se\source\repos\0. Meshless_deformation\0216_Meshless_Deformation\include\Eigen\src\Core\products\GeneralBlockPanelKernel.h(2063,1): warning C4819: The file contains a character that cannot be represented in the current code page (949). Save the file in Unicode format to prevent data loss
  (compiling source file 'main.cpp')
  
C:\Users\se\source\repos\0. Meshless_deformation\0216_Meshless_Deformation\0216 Meshless Deformation\main.cpp(118,30): warning C4305: 'argument': truncation from 'double' to 'GLclampf'
C:\Users\se\source\repos\0. Meshless_deformation\0216_Meshless_Deformation\0216 Meshless Deformation\main.cpp(118,24): warning C4305: 'argument': truncation from 'double' to 'GLclampf'
C:\Users\se\source\repos\0. Meshless_deformation\0216_Meshless_Deformation\0216 Meshless Deformation\main.cpp(118,18): warning C4305: 'argument': truncation from 'double' to 'GLclampf'
  Generating Code...
C:\Users\se\source\repos\0. Meshless_deformation\0216_Meshless_Deformation\0216 Meshless Deformation\loadMesh.h(119): warning C4715: 'processMesh': not all control paths return a value
glew32s.lib(glew.obj) : warning LNK4099: PDB '' was not found with 'glew32s.lib(glew.obj)' or at ''; linking object as if no debug info
MSVCRTD.lib(initializers.obj) : warning LNK4098: defaultlib 'msvcrt.lib' conflicts with use of other libs; use /NODEFAULTLIB:library
MSVCRTD.lib(initializers.obj) : warning LNK4098: defaultlib 'libcmt.lib' conflicts with use of other libs; use /NODEFAULTLIB:library
  0216 Meshless Deformation.vcxproj -> C:\Users\se\source\repos\0. Meshless_deformation\0216_Meshless_Deformation\x64\Debug\0216 Meshless Deformation.exe
  'pwsh.exe'은(는) 내부 또는 외부 명령, 실행할 수 있는 프로그램, 또는
  배치 파일이 아닙니다.
